Using pre-set license
Built from '2020.3/staging' branch; Version is '2020.3.33f1 (915a7af8b0d5) revision 9525882'; Using compiler version '192528614'; Build Type 'Release'
OS: 'Windows 10  (10.0.19044) 64bit Core' Language: 'de' Physical Memory: 16313 MB
BatchMode: 1, IsHumanControllingUs: 0, StartBugReporterOnCrash: 0, Is64bit: 1, IsPro: 0

COMMAND LINE ARGUMENTS:
C:\Program Files\Unity 2020.3.33f1\Editor\Unity.exe
-adb2
-batchMode
-noUpm
-name
AssetImportWorker0
-projectPath
C:/Users/Jojo-/Documents/GitHub/Galaxy-Team/Galaxy SFz
-logFile
Logs/AssetImportWorker0.log
-srvPort
60684
Successfully changed project path to: C:/Users/Jojo-/Documents/GitHub/Galaxy-Team/Galaxy SFz
C:/Users/Jojo-/Documents/GitHub/Galaxy-Team/Galaxy SFz
Using Asset Import Pipeline V2.
Refreshing native plugins compatible for Editor in 44.27 ms, found 3 plugins.
Preloading 0 native plugins for Editor in 0.00 ms.
Initialize engine version: 2020.3.33f1 (915a7af8b0d5)
[Subsystems] Discovering subsystems at path C:/Program Files/Unity 2020.3.33f1/Editor/Data/Resources/UnitySubsystems
[Subsystems] Discovering subsystems at path C:/Users/Jojo-/Documents/GitHub/Galaxy-Team/Galaxy SFz/Assets
GfxDevice: creating device client; threaded=0
Direct3D:
    Version:  Direct3D 11.0 [level 11.1]
    Renderer: AMD Radeon RX 5600 XT (ID=0x731f)
    Vendor:   
    VRAM:     6103 MB
    Driver:   30.0.15021.1001
Initialize mono
Mono path[0] = 'C:/Program Files/Unity 2020.3.33f1/Editor/Data/Managed'
Mono path[1] = 'C:/Program Files/Unity 2020.3.33f1/Editor/Data/MonoBleedingEdge/lib/mono/unityjit'
Mono config path = 'C:/Program Files/Unity 2020.3.33f1/Editor/Data/MonoBleedingEdge/etc'
Using monoOptions --debugger-agent=transport=dt_socket,embedding=1,server=y,suspend=n,address=127.0.0.1:56624
Begin MonoManager ReloadAssembly
Registering precompiled unity dll's ...
Register platform support module: C:/Program Files/Unity 2020.3.33f1/Editor/Data/PlaybackEngines/WindowsStandaloneSupport/UnityEditor.WindowsStandalone.Extensions.dll
Registered in 0.001953 seconds.
Native extension for WindowsStandalone target not found
Refreshing native plugins compatible for Editor in 43.04 ms, found 3 plugins.
Preloading 0 native plugins for Editor in 0.00 ms.
Mono: successfully reloaded assembly
- Completed reload, in  0.551 seconds
Domain Reload Profiling:
	ReloadAssembly (552ms)
		BeginReloadAssembly (61ms)
			ExecutionOrderSort (0ms)
			DisableScriptedObjects (0ms)
			BackupInstance (0ms)
			ReleaseScriptingObjects (0ms)
			CreateAndSetChildDomain (1ms)
		EndReloadAssembly (424ms)
			LoadAssemblies (59ms)
			RebuildTransferFunctionScriptingTraits (0ms)
			SetupTypeCache (138ms)
			ReleaseScriptCaches (0ms)
			RebuildScriptCaches (28ms)
			SetupLoadedEditorAssemblies (163ms)
				LogAssemblyErrors (0ms)
				InitializePlatformSupportModulesInManaged (4ms)
				SetLoadedEditorAssemblies (0ms)
				RefreshPlugins (43ms)
				BeforeProcessingInitializeOnLoad (9ms)
				ProcessInitializeOnLoadAttributes (80ms)
				ProcessInitializeOnLoadMethodAttributes (27ms)
				AfterProcessingInitializeOnLoad (0ms)
				EditorAssembliesLoaded (0ms)
			ExecutionOrderSort2 (0ms)
			AwakeInstancesAfterBackupRestoration (0ms)
Platform modules already initialized, skipping
Registering precompiled user dll's ...
Registered in 0.003412 seconds.
Begin MonoManager ReloadAssembly
Symbol file LoadedFromMemory doesn't match image C:\Users\Jojo-\Documents\GitHub\Galaxy-Team\Galaxy SFz\Library\PackageCache\com.unity.collab-proxy@1.15.15\Lib\Editor\PlasticSCM\unityplastic.dll
Native extension for WindowsStandalone target not found
Refreshing native plugins compatible for Editor in 42.67 ms, found 3 plugins.
Preloading 0 native plugins for Editor in 0.00 ms.
Mono: successfully reloaded assembly
- Completed reload, in  1.023 seconds
Domain Reload Profiling:
	ReloadAssembly (1024ms)
		BeginReloadAssembly (141ms)
			ExecutionOrderSort (0ms)
			DisableScriptedObjects (4ms)
			BackupInstance (0ms)
			ReleaseScriptingObjects (0ms)
			CreateAndSetChildDomain (17ms)
		EndReloadAssembly (826ms)
			LoadAssemblies (94ms)
			RebuildTransferFunctionScriptingTraits (0ms)
			SetupTypeCache (265ms)
			ReleaseScriptCaches (0ms)
			RebuildScriptCaches (43ms)
			SetupLoadedEditorAssemblies (321ms)
				LogAssemblyErrors (0ms)
				InitializePlatformSupportModulesInManaged (3ms)
				SetLoadedEditorAssemblies (0ms)
				RefreshPlugins (43ms)
				BeforeProcessingInitializeOnLoad (66ms)
				ProcessInitializeOnLoadAttributes (188ms)
				ProcessInitializeOnLoadMethodAttributes (15ms)
				AfterProcessingInitializeOnLoad (6ms)
				EditorAssembliesLoaded (0ms)
			ExecutionOrderSort2 (0ms)
			AwakeInstancesAfterBackupRestoration (6ms)
Platform modules already initialized, skipping
========================================================================
Worker process is ready to serve import requests
Launched and connected shader compiler UnityShaderCompiler.exe after 0.10 seconds
Refreshing native plugins compatible for Editor in 0.43 ms, found 3 plugins.
Preloading 0 native plugins for Editor in 0.00 ms.
Unloading 2206 Unused Serialized files (Serialized files now loaded: 0)
System memory in use before: 97.2 MB.
System memory in use after: 97.1 MB.

Unloading 31 unused Assets to reduce memory usage. Loaded Objects now: 2637.
Total: 3.024300 ms (FindLiveObjects: 0.147800 ms CreateObjectMapping: 0.085300 ms MarkObjects: 2.658100 ms  DeleteObjects: 0.132300 ms)

AssetImportParameters requested are different than current active one (requested -> active):
  custom:framework-win-MediaFoundation: 216162199b28c13a410421893ffa2e32 -> 
  custom:video-decoder-ogg-theora: a1e56fd34408186e4bbccfd4996cb3dc -> 
  custom:container-muxer-webm: aa71ff27fc2769a1b78a27578f13a17b -> 
  custom:container-demuxer-webm: 4f35f7cbe854078d1ac9338744f61a02 -> 
  custom:container-demuxer-ogg: 62fdf1f143b41e24485cea50d1cbac27 -> 
  custom:video-encoder-webm-vp8: eb34c28f22e8b96e1ab97ce403110664 -> 
  custom:video-decoder-webm-vp8: 9c59270c3fd7afecdb556c50c9e8de78 -> 
  custom:audio-decoder-ogg-vorbis: bf7c407c2cedff20999df2af8eb42d56 -> 
  custom:audio-encoder-webm-vorbis: bf7c407c2cedff20999df2af8eb42d56 -> 
========================================================================
Received Import Request.
  path: Assets/Assets/script/Raumschiff.anim
  artifactKey: Guid(c0cc170771cb71b418ff71512069d94b) Importer(815301076,1909f56bfc062723c751e8b465ee728b)
Start importing Assets/Assets/script/Raumschiff.anim using Guid(c0cc170771cb71b418ff71512069d94b) Importer(815301076,1909f56bfc062723c751e8b465ee728b)  -> (artifact id: 'c88674371a3a982ad98e188a1c0bf0d2') in 0.035629 seconds 
========================================================================
Received Import Request.
  Time since last request: 60.341321 seconds.
  path: Assets/Assets/script/Raumstation.controller
  artifactKey: Guid(b8a61748fa322264b9d0238514bdcf9f) Importer(815301076,1909f56bfc062723c751e8b465ee728b)
Start importing Assets/Assets/script/Raumstation.controller using Guid(b8a61748fa322264b9d0238514bdcf9f) Importer(815301076,1909f56bfc062723c751e8b465ee728b)  -> (artifact id: '4bd8697472ad56cefd49e9fe31507e85') in 0.010339 seconds 
========================================================================
Received Import Request.
  Time since last request: 4.151024 seconds.
  path: Assets/Assets/script/Raumstation.anim
  artifactKey: Guid(2e395fb65caff2e4088d805a2b594ac9) Importer(815301076,1909f56bfc062723c751e8b465ee728b)
Start importing Assets/Assets/script/Raumstation.anim using Guid(2e395fb65caff2e4088d805a2b594ac9) Importer(815301076,1909f56bfc062723c751e8b465ee728b)  -> (artifact id: '918c90dcc09b02a9ec711d0a88cc2030') in 0.003598 seconds 
========================================================================
Received Import Request.
  Time since last request: 247.279037 seconds.
  path: Assets/Assets/Zeichnungen/Raumstation.2.png
  artifactKey: Guid(cbea44cb9847ec348b1b9714fbad7934) Importer(815301076,1909f56bfc062723c751e8b465ee728b)
Start importing Assets/Assets/Zeichnungen/Raumstation.2.png using Guid(cbea44cb9847ec348b1b9714fbad7934) Importer(815301076,1909f56bfc062723c751e8b465ee728b)  -> (artifact id: '6f032be7f8709445179259246153e5e1') in 0.090039 seconds 
========================================================================
Received Import Request.
  Time since last request: 0.000250 seconds.
  path: Assets/Assets/Zeichnungen/Raumstation.png
  artifactKey: Guid(fac9d0e1ef45f724db4976ff2d4e4b55) Importer(815301076,1909f56bfc062723c751e8b465ee728b)
Start importing Assets/Assets/Zeichnungen/Raumstation.png using Guid(fac9d0e1ef45f724db4976ff2d4e4b55) Importer(815301076,1909f56bfc062723c751e8b465ee728b)  -> (artifact id: '704ea22835e3960a50827f8ebf1aa961') in 0.016266 seconds 
========================================================================
Received Import Request.
  Time since last request: 99.400724 seconds.
  path: Assets/Assets/Zeichnungen
  artifactKey: Guid(7f1dad8d0a59762489fcda9143e9c020) Importer(815301076,1909f56bfc062723c751e8b465ee728b)
Start importing Assets/Assets/Zeichnungen using Guid(7f1dad8d0a59762489fcda9143e9c020) Importer(815301076,1909f56bfc062723c751e8b465ee728b)  -> (artifact id: '061be9166216bc70fd854b4e94e93f71') in 0.007390 seconds 
========================================================================
Received Import Request.
  Time since last request: 19.050693 seconds.
  path: Assets/Assets/Zeichnungen/Raumstation.anim
  artifactKey: Guid(e33c8a241b4fc19429c7e889f8c7b416) Importer(815301076,1909f56bfc062723c751e8b465ee728b)
Start importing Assets/Assets/Zeichnungen/Raumstation.anim using Guid(e33c8a241b4fc19429c7e889f8c7b416) Importer(815301076,1909f56bfc062723c751e8b465ee728b)  -> (artifact id: 'ecb5270d23dadd5df6a355b601ae3afc') in 0.003723 seconds 
========================================================================
Received Import Request.
  Time since last request: 1774.012784 seconds.
  path: Assets/Assets/Zeichnungen/Raumstation.2.png
  artifactKey: Guid(cbea44cb9847ec348b1b9714fbad7934) Importer(815301076,1909f56bfc062723c751e8b465ee728b)
Start importing Assets/Assets/Zeichnungen/Raumstation.2.png using Guid(cbea44cb9847ec348b1b9714fbad7934) Importer(815301076,1909f56bfc062723c751e8b465ee728b)  -> (artifact id: '4d9557e79b5cc90d949fe2c7daee9c36') in 0.038351 seconds 
========================================================================
Received Import Request.
  Time since last request: 234.358107 seconds.
  path: Assets/Assets/Zeichnungen/Raumstation.2.png
  artifactKey: Guid(cbea44cb9847ec348b1b9714fbad7934) Importer(815301076,1909f56bfc062723c751e8b465ee728b)
Start importing Assets/Assets/Zeichnungen/Raumstation.2.png using Guid(cbea44cb9847ec348b1b9714fbad7934) Importer(815301076,1909f56bfc062723c751e8b465ee728b)  -> (artifact id: '256c0ec83b3d4c706234712f1f8f4523') in 0.013414 seconds 
========================================================================
Received Import Request.
  Time since last request: 0.000238 seconds.
  path: Assets/Assets/Zeichnungen/Raumstation.png
  artifactKey: Guid(fac9d0e1ef45f724db4976ff2d4e4b55) Importer(815301076,1909f56bfc062723c751e8b465ee728b)
Start importing Assets/Assets/Zeichnungen/Raumstation.png using Guid(fac9d0e1ef45f724db4976ff2d4e4b55) Importer(815301076,1909f56bfc062723c751e8b465ee728b)  -> (artifact id: 'aa9b4d5f0bee5b6e4a46ee865d8656fc') in 0.013582 seconds 
========================================================================
Received Import Request.
  Time since last request: 296.114411 seconds.
  path: ProjectSettings/TagManager.asset
  artifactKey: Guid(00000000000000003000000000000000) Importer(815301076,1909f56bfc062723c751e8b465ee728b)
Start importing ProjectSettings/TagManager.asset using Guid(00000000000000003000000000000000) Importer(815301076,1909f56bfc062723c751e8b465ee728b)  -> (artifact id: '95df672b4aaba54310d34c83eef51bb8') in 0.010167 seconds 
========================================================================
Received Import Request.
  Time since last request: 494.751782 seconds.
  path: Assets/Assets/Zeichnungen/Raumstation.png
  artifactKey: Guid(fac9d0e1ef45f724db4976ff2d4e4b55) Importer(815301076,1909f56bfc062723c751e8b465ee728b)
Start importing Assets/Assets/Zeichnungen/Raumstation.png using Guid(fac9d0e1ef45f724db4976ff2d4e4b55) Importer(815301076,1909f56bfc062723c751e8b465ee728b)  -> (artifact id: 'f316cce2a1791704645a6d388b6b853f') in 0.012233 seconds 
========================================================================
Received Import Request.
  Time since last request: 53.347822 seconds.
  path: Assets/Assets/Zeichnungen/Raumstation.png
  artifactKey: Guid(fac9d0e1ef45f724db4976ff2d4e4b55) Importer(815301076,1909f56bfc062723c751e8b465ee728b)
Start importing Assets/Assets/Zeichnungen/Raumstation.png using Guid(fac9d0e1ef45f724db4976ff2d4e4b55) Importer(815301076,1909f56bfc062723c751e8b465ee728b)  -> (artifact id: '150dbce9cec43223633a253d7fba03d9') in 0.020465 seconds 
========================================================================
Received Import Request.
  Time since last request: 41.550870 seconds.
  path: Assets/Assets/Zeichnungen/Raumstation.png
  artifactKey: Guid(fac9d0e1ef45f724db4976ff2d4e4b55) Importer(815301076,1909f56bfc062723c751e8b465ee728b)
Start importing Assets/Assets/Zeichnungen/Raumstation.png using Guid(fac9d0e1ef45f724db4976ff2d4e4b55) Importer(815301076,1909f56bfc062723c751e8b465ee728b)  -> (artifact id: 'cc850211503764a80af5dd8ff6a9b488') in 0.014789 seconds 
========================================================================
Received Import Request.
  Time since last request: 10.093353 seconds.
  path: Assets/Assets/Zeichnungen/Raumstation.png
  artifactKey: Guid(fac9d0e1ef45f724db4976ff2d4e4b55) Importer(815301076,1909f56bfc062723c751e8b465ee728b)
Start importing Assets/Assets/Zeichnungen/Raumstation.png using Guid(fac9d0e1ef45f724db4976ff2d4e4b55) Importer(815301076,1909f56bfc062723c751e8b465ee728b)  -> (artifact id: 'e146976f6dc2c4a3f0d1f2a16e7516d8') in 0.014946 seconds 
========================================================================
Received Import Request.
  Time since last request: 15.335412 seconds.
  path: Assets/Assets/Zeichnungen/Raumstation.png
  artifactKey: Guid(fac9d0e1ef45f724db4976ff2d4e4b55) Importer(815301076,1909f56bfc062723c751e8b465ee728b)
Start importing Assets/Assets/Zeichnungen/Raumstation.png using Guid(fac9d0e1ef45f724db4976ff2d4e4b55) Importer(815301076,1909f56bfc062723c751e8b465ee728b)  -> (artifact id: 'ea8fa4e608ada9fb07d047239cd80370') in 0.015309 seconds 
AssetImportWorkerClient::OnTransportError - code=2 error=End of file
